<?xml version="1.0" encoding="utf-8"?>
<testsuites>
  <testsuite name="making the carried instruments" tests="3" failures="0" skipped="0" flakes="0" time="52.636">
    <testcase name="the accordion is started" classname="making the carried instruments" time="21.130">
      <system-out>Attachment: smoke-attachment -&gt; smoke test attachment content
Attachment: accordion under construction -&gt; /mnt/c/Users/nelim/Documents/rimworld/pickle-reports/screenshots/manual--accordion-under-construction--step0.png
Attachment: film-frames -&gt; /mnt/c/Users/nelim/Documents/rimworld/pickle-reports/screenshots/film/making-the-carried-instruments--the-accordion-is-started/0000.jpg
</system-out>
    </testcase>
    <testcase name="the uilleann pipes are started" classname="making the carried instruments" time="14.624">
      <system-out>Attachment: smoke-attachment -&gt; smoke test attachment content
Attachment: uilleann pipes under construction -&gt; /mnt/c/Users/nelim/Documents/rimworld/pickle-reports/screenshots/manual--uilleann-pipes-under-construction--step0.png
Attachment: film-frames -&gt; /mnt/c/Users/nelim/Documents/rimworld/pickle-reports/screenshots/film/making-the-carried-instruments--the-uilleann-pipes-are-started/0000.jpg
</system-out>
    </testcase>
    <testcase name="the great highland bagpipes are started" classname="making the carried instruments" time="16.882">
      <system-out>Attachment: smoke-attachment -&gt; smoke test attachment content
Attachment: great highland bagpipes under construction -&gt; /mnt/c/Users/nelim/Documents/rimworld/pickle-reports/screenshots/manual--great-highland-bagpipes-under-construction--step0.png
Attachment: film-frames -&gt; /mnt/c/Users/nelim/Documents/rimworld/pickle-reports/screenshots/film/making-the-carried-instruments--the-great-highland-bagpipes-are-started/0000.jpg
</system-out>
    </testcase>
  </testsuite>
</testsuites>