<?xml version="1.0" encoding="utf-8"?>
<testsuites>
  <testsuite name="Epona Instruments Renew alone" tests="4" failures="0" skipped="0" flakes="0" time="1.628">
    <testcase name="it loads after Musical Instruments and says nothing" classname="Epona Instruments Renew alone" time="0.476">
      <system-out>Attachment: smoke-attachment -&gt; smoke test attachment content
</system-out>
    </testcase>
    <testcase name="the patch added the three carried instruments" classname="Epona Instruments Renew alone" time="0.254">
      <system-out>Attachment: smoke-attachment -&gt; smoke test attachment content
</system-out>
    </testcase>
    <testcase name="they are ticked held items, like the provider's own instruments" classname="Epona Instruments Renew alone" time="0.450">
      <system-out>Attachment: smoke-attachment -&gt; smoke test attachment content
</system-out>
    </testcase>
    <testcase name="they are medieval items, not buildings" classname="Epona Instruments Renew alone" time="0.448">
      <system-out>Attachment: smoke-attachment -&gt; smoke test attachment content
</system-out>
    </testcase>
  </testsuite>
</testsuites>