<?xml version="1.0" encoding="utf-8"?>
<testsuites>
  <testsuite name="French texts of the carried instruments" tests="3" failures="0" skipped="0" flakes="0" time="0.880">
    <testcase name="JP_GreatHighlandBagpipes reads in French" classname="French texts of the carried instruments" time="0.378">
      <system-out>Attachment: smoke-attachment -&gt; smoke test attachment content
</system-out>
    </testcase>
    <testcase name="JP_UilleannPipes reads in French" classname="French texts of the carried instruments" time="0.205">
      <system-out>Attachment: smoke-attachment -&gt; smoke test attachment content
</system-out>
    </testcase>
    <testcase name="JP_Accordion reads in French" classname="French texts of the carried instruments" time="0.297">
      <system-out>Attachment: smoke-attachment -&gt; smoke test attachment content
</system-out>
    </testcase>
  </testsuite>
</testsuites>